# JRE version: OpenJDK Runtime Environment (7.0_79-b14) (build 1.7.0_79-b14)
# Java VM: OpenJDK 64-Bit Server VM (24.79-b02 mixed mode linux-amd64 compressed oops)
Heap
 PSYoungGen      total 211456K, used 20037K [0x00000000f1700000, 0x0000000100000000, 0x0000000100000000)
  eden space 184832K, 10% used [0x00000000f1700000,0x00000000f2a817c8,0x00000000fcb80000)
  from space 26624K, 0% used [0x00000000fe500000,0x00000000fe510000,0x00000000fff00000)
  to   space 26112K, 0% used [0x00000000fcb80000,0x00000000fcb80000,0x00000000fe500000)
 ParOldGen       total 113152K, used 67358K [0x00000000d4600000, 0x00000000db480000, 0x00000000f1700000)
  object space 113152K, 59% used [0x00000000d4600000,0x00000000d87c7908,0x00000000db480000)
 PSPermGen       total 83456K, used 52440K [0x00000000ca000000, 0x00000000cf180000, 0x00000000d4600000)
  object space 83456K, 62% used [0x00000000ca000000,0x00000000cd3361b8,0x00000000cf180000)
GC Heap History (10 events):
Event: 32,125 GC heap before
{Heap before GC invocations=14 (full 2):
 PSYoungGen      total 205312K, used 19026K [0x00000000f1700000, 0x0000000100000000, 0x0000000100000000)
  eden space 185344K, 0% used [0x00000000f1700000,0x00000000f1700000,0x00000000fcc00000)
  from space 19968K, 95% used [0x00000000fec80000,0x00000000fff148b0,0x0000000100000000)
  to   space 26624K, 0% used [0x00000000fcc00000,0x00000000fcc00000,0x00000000fe600000)
 ParOldGen       total 70656K, used 66116K [0x00000000d4600000, 0x00000000d8b00000, 0x00000000f1700000)
  object space 70656K, 93% used [0x00000000d4600000,0x00000000d86911b8,0x00000000d8b00000)
 PSPermGen       total 52736K, used 52349K [0x00000000ca000000, 0x00000000cd380000, 0x00000000d4600000)
  object space 52736K, 99% used [0x00000000ca000000,0x00000000cd31f548,0x00000000cd380000)
Event: 32,421 GC heap after
Heap after GC invocations=14 (full 2):
 PSYoungGen      total 205312K, used 0K [0x00000000f1700000, 0x0000000100000000, 0x0000000100000000)
  eden space 185344K, 0% used [0x00000000f1700000,0x00000000f1700000,0x00000000fcc00000)
  from space 19968K, 0% used [0x00000000fec80000,0x00000000fec80000,0x0000000100000000)
  to   space 26624K, 0% used [0x00000000fcc00000,0x00000000fcc00000,0x00000000fe600000)
 ParOldGen       total 113152K, used 67358K [0x00000000d4600000, 0x00000000db480000, 0x00000000f1700000)
  object space 113152K, 59% used [0x00000000d4600000,0x00000000d87c7908,0x00000000db480000)
 PSPermGen       total 83456K, used 52336K [0x00000000ca000000, 0x00000000cf180000, 0x00000000d4600000)
  object space 83456K, 62% used [0x00000000ca000000,0x00000000cd31c138,0x00000000cf180000)
}
Event: 33,593 GC heap before
{Heap before GC invocations=15 (full 2):
 PSYoungGen      total 205312K, used 185344K [0x00000000f1700000, 0x0000000100000000, 0x0000000100000000)
  eden space 185344K, 100% used [0x00000000f1700000,0x00000000fcc00000,0x00000000fcc00000)
  from space 19968K, 0% used [0x00000000fec80000,0x00000000fec80000,0x0000000100000000)
  to   space 26624K, 0% used [0x00000000fcc00000,0x00000000fcc00000,0x00000000fe600000)
 ParOldGen       total 113152K, used 67358K [0x00000000d4600000, 0x00000000db480000, 0x00000000f1700000)
  object space 113152K, 59% used [0x00000000d4600000,0x00000000d87c7908,0x00000000db480000)
 PSPermGen       total 83456K, used 52336K [0x00000000ca000000, 0x00000000cf180000, 0x00000000d4600000)
  object space 83456K, 62% used [0x00000000ca000000,0x00000000cd31c198,0x00000000cf180000)
Event: 33,595 GC heap after
Heap after GC invocations=15 (full 2):
 PSYoungGen      total 185856K, used 64K [0x00000000f1700000, 0x0000000100000000, 0x0000000100000000)
  eden space 185344K, 0% used [0x00000000f1700000,0x00000000f1700000,0x00000000fcc00000)
  from space 512K, 12% used [0x00000000fcc00000,0x00000000fcc10000,0x00000000fcc80000)
  to   space 27136K, 0% used [0x00000000fe580000,0x00000000fe580000,0x0000000100000000)
 ParOldGen       total 113152K, used 67358K [0x00000000d4600000, 0x00000000db480000, 0x00000000f1700000)
  object space 113152K, 59% used [0x00000000d4600000,0x00000000d87c7908,0x00000000db480000)
 PSPermGen       total 83456K, used 52336K [0x00000000ca000000, 0x00000000cf180000, 0x00000000d4600000)
  object space 83456K, 62% used [0x00000000ca000000,0x00000000cd31c198,0x00000000cf180000)
}
Event: 34,758 GC heap before
{Heap before GC invocations=16 (full 2):
 PSYoungGen      total 185856K, used 185408K [0x00000000f1700000, 0x0000000100000000, 0x0000000100000000)
  eden space 185344K, 100% used [0x00000000f1700000,0x00000000fcc00000,0x00000000fcc00000)
  from space 512K, 12% used [0x00000000fcc00000,0x00000000fcc10000,0x00000000fcc80000)
  to   space 27136K, 0% used [0x00000000fe580000,0x00000000fe580000,0x0000000100000000)
 ParOldGen       total 113152K, used 67358K [0x00000000d4600000, 0x00000000db480000, 0x00000000f1700000)
  object space 113152K, 59% used [0x00000000d4600000,0x00000000d87c7908,0x00000000db480000)
 PSPermGen       total 83456K, used 52336K [0x00000000ca000000, 0x00000000cf180000, 0x00000000d4600000)
  object space 83456K, 62% used [0x00000000ca000000,0x00000000cd31c198,0x00000000cf180000)
Event: 34,761 GC heap after
Heap after GC invocations=16 (full 2):
 PSYoungGen      total 211456K, used 64K [0x00000000f1700000, 0x0000000100000000, 0x0000000100000000)
  eden space 184320K, 0% used [0x00000000f1700000,0x00000000f1700000,0x00000000fcb00000)
  from space 27136K, 0% used [0x00000000fe580000,0x00000000fe590000,0x0000000100000000)
  to   space 27136K, 0% used [0x00000000fcb00000,0x00000000fcb00000,0x00000000fe580000)
 ParOldGen       total 113152K, used 67358K [0x00000000d4600000, 0x00000000db480000, 0x00000000f1700000)
  object space 113152K, 59% used [0x00000000d4600000,0x00000000d87c7908,0x00000000db480000)
 PSPermGen       total 83456K, used 52336K [0x00000000ca000000, 0x00000000cf180000, 0x00000000d4600000)
  object space 83456K, 62% used [0x00000000ca000000,0x00000000cd31c198,0x00000000cf180000)
}
Event: 35,934 GC heap before
{Heap before GC invocations=17 (full 2):
 PSYoungGen      total 211456K, used 184384K [0x00000000f1700000, 0x0000000100000000, 0x0000000100000000)
  eden space 184320K, 100% used [0x00000000f1700000,0x00000000fcb00000,0x00000000fcb00000)
  from space 27136K, 0% used [0x00000000fe580000,0x00000000fe590000,0x0000000100000000)
  to   space 27136K, 0% used [0x00000000fcb00000,0x00000000fcb00000,0x00000000fe580000)
 ParOldGen       total 113152K, used 67358K [0x00000000d4600000, 0x00000000db480000, 0x00000000f1700000)
  object space 113152K, 59% used [0x00000000d4600000,0x00000000d87c7908,0x00000000db480000)
 PSPermGen       total 83456K, used 52336K [0x00000000ca000000, 0x00000000cf180000, 0x00000000d4600000)
  object space 83456K, 62% used [0x00000000ca000000,0x00000000cd31c198,0x00000000cf180000)
Event: 35,937 GC heap after
Heap after GC invocations=17 (full 2):
 PSYoungGen      total 184832K, used 64K [0x00000000f1700000, 0x00000000fff00000, 0x0000000100000000)
  eden space 184320K, 0% used [0x00000000f1700000,0x00000000f1700000,0x00000000fcb00000)
  from space 512K, 12% used [0x00000000fcb00000,0x00000000fcb10000,0x00000000fcb80000)
  to   space 26624K, 0% used [0x00000000fe500000,0x00000000fe500000,0x00000000fff00000)
 ParOldGen       total 113152K, used 67358K [0x00000000d4600000, 0x00000000db480000, 0x00000000f1700000)
  object space 113152K, 59% used [0x00000000d4600000,0x00000000d87c7908,0x00000000db480000)
 PSPermGen       total 83456K, used 52336K [0x00000000ca000000, 0x00000000cf180000, 0x00000000d4600000)
  object space 83456K, 62% used [0x00000000ca000000,0x00000000cd31c198,0x00000000cf180000)
}
Event: 37,117 GC heap before
{Heap before GC invocations=18 (full 2):
 PSYoungGen      total 184832K, used 184384K [0x00000000f1700000, 0x00000000fff00000, 0x0000000100000000)
  eden space 184320K, 100% used [0x00000000f1700000,0x00000000fcb00000,0x00000000fcb00000)
  from space 512K, 12% used [0x00000000fcb00000,0x00000000fcb10000,0x00000000fcb80000)
  to   space 26624K, 0% used [0x00000000fe500000,0x00000000fe500000,0x00000000fff00000)
 ParOldGen       total 113152K, used 67358K [0x00000000d4600000, 0x00000000db480000, 0x00000000f1700000)
  object space 113152K, 59% used [0x00000000d4600000,0x00000000d87c7908,0x00000000db480000)
 PSPermGen       total 83456K, used 52336K [0x00000000ca000000, 0x00000000cf180000, 0x00000000d4600000)
  object space 83456K, 62% used [0x00000000ca000000,0x00000000cd31c198,0x00000000cf180000)
Event: 37,120 GC heap after
Heap after GC invocations=18 (full 2):
 PSYoungGen      total 211456K, used 64K [0x00000000f1700000, 0x0000000100000000, 0x0000000100000000)
  eden space 184832K, 0% used [0x00000000f1700000,0x00000000f1700000,0x00000000fcb80000)
  from space 26624K, 0% used [0x00000000fe500000,0x00000000fe510000,0x00000000fff00000)
  to   space 26112K, 0% used [0x00000000fcb80000,0x00000000fcb80000,0x00000000fe500000)
 ParOldGen       total 113152K, used 67358K [0x00000000d4600000, 0x00000000db480000, 0x00000000f1700000)
  object space 113152K, 59% used [0x00000000d4600000,0x00000000d87c7908,0x00000000db480000)
 PSPermGen       total 83456K, used 52336K [0x00000000ca000000, 0x00000000cf180000, 0x00000000d4600000)
  object space 83456K, 62% used [0x00000000ca000000,0x00000000cd31c198,0x00000000cf180000)
}

