# JRE version: OpenJDK Runtime Environment (7.0_79-b14) (build 1.7.0_79-b14)
# Java VM: OpenJDK 64-Bit Server VM (24.79-b02 mixed mode linux-amd64 compressed oops)
Heap
 PSYoungGen      total 210944K, used 29472K [0x00000000f1700000, 0x0000000100000000, 0x0000000100000000)
  eden space 183808K, 15% used [0x00000000f1700000,0x00000000f33b8340,0x00000000fca80000)
  from space 27136K, 0% used [0x00000000fe480000,0x00000000fe490000,0x00000000fff00000)
  to   space 26624K, 0% used [0x00000000fca80000,0x00000000fca80000,0x00000000fe480000)
 ParOldGen       total 114688K, used 67094K [0x00000000d4600000, 0x00000000db600000, 0x00000000f1700000)
  object space 114688K, 58% used [0x00000000d4600000,0x00000000d8785bd0,0x00000000db600000)
 PSPermGen       total 84480K, used 52386K [0x00000000ca000000, 0x00000000cf280000, 0x00000000d4600000)
  object space 84480K, 62% used [0x00000000ca000000,0x00000000cd328bf8,0x00000000cf280000)
GC Heap History (10 events):
Event: 63,630 GC heap before
{Heap before GC invocations=14 (full 2):
 PSYoungGen      total 204800K, used 19971K [0x00000000f1700000, 0x0000000100000000, 0x0000000100000000)
  eden space 184320K, 0% used [0x00000000f1700000,0x00000000f1700000,0x00000000fcb00000)
  from space 20480K, 97% used [0x00000000fec00000,0x00000000fff80d68,0x0000000100000000)
  to   space 27136K, 0% used [0x00000000fcb00000,0x00000000fcb00000,0x00000000fe580000)
 ParOldGen       total 71680K, used 65992K [0x00000000d4600000, 0x00000000d8c00000, 0x00000000f1700000)
  object space 71680K, 92% used [0x00000000d4600000,0x00000000d8672208,0x00000000d8c00000)
 PSPermGen       total 52736K, used 52295K [0x00000000ca000000, 0x00000000cd380000, 0x00000000d4600000)
  object space 52736K, 99% used [0x00000000ca000000,0x00000000cd311fc8,0x00000000cd380000)
Event: 64,080 GC heap after
Heap after GC invocations=14 (full 2):
 PSYoungGen      total 204800K, used 0K [0x00000000f1700000, 0x0000000100000000, 0x0000000100000000)
  eden space 184320K, 0% used [0x00000000f1700000,0x00000000f1700000,0x00000000fcb00000)
  from space 20480K, 0% used [0x00000000fec00000,0x00000000fec00000,0x0000000100000000)
  to   space 27136K, 0% used [0x00000000fcb00000,0x00000000fcb00000,0x00000000fe580000)
 ParOldGen       total 114688K, used 67094K [0x00000000d4600000, 0x00000000db600000, 0x00000000f1700000)
  object space 114688K, 58% used [0x00000000d4600000,0x00000000d8785bd0,0x00000000db600000)
 PSPermGen       total 84480K, used 52282K [0x00000000ca000000, 0x00000000cf280000, 0x00000000d4600000)
  object space 84480K, 61% used [0x00000000ca000000,0x00000000cd30eb98,0x00000000cf280000)
}
Event: 65,253 GC heap before
{Heap before GC invocations=15 (full 2):
 PSYoungGen      total 204800K, used 184320K [0x00000000f1700000, 0x0000000100000000, 0x0000000100000000)
  eden space 184320K, 100% used [0x00000000f1700000,0x00000000fcb00000,0x00000000fcb00000)
  from space 20480K, 0% used [0x00000000fec00000,0x00000000fec00000,0x0000000100000000)
  to   space 27136K, 0% used [0x00000000fcb00000,0x00000000fcb00000,0x00000000fe580000)
 ParOldGen       total 114688K, used 67094K [0x00000000d4600000, 0x00000000db600000, 0x00000000f1700000)
  object space 114688K, 58% used [0x00000000d4600000,0x00000000d8785bd0,0x00000000db600000)
 PSPermGen       total 84480K, used 52282K [0x00000000ca000000, 0x00000000cf280000, 0x00000000d4600000)
  object space 84480K, 61% used [0x00000000ca000000,0x00000000cd30ebd8,0x00000000cf280000)
Event: 65,256 GC heap after
Heap after GC invocations=15 (full 2):
 PSYoungGen      total 184832K, used 64K [0x00000000f1700000, 0x0000000100000000, 0x0000000100000000)
  eden space 184320K, 0% used [0x00000000f1700000,0x00000000f1700000,0x00000000fcb00000)
  from space 512K, 12% used [0x00000000fcb00000,0x00000000fcb10000,0x00000000fcb80000)
  to   space 27648K, 0% used [0x00000000fe500000,0x00000000fe500000,0x0000000100000000)
 ParOldGen       total 114688K, used 67094K [0x00000000d4600000, 0x00000000db600000, 0x00000000f1700000)
  object space 114688K, 58% used [0x00000000d4600000,0x00000000d8785bd0,0x00000000db600000)
 PSPermGen       total 84480K, used 52282K [0x00000000ca000000, 0x00000000cf280000, 0x00000000d4600000)
  object space 84480K, 61% used [0x00000000ca000000,0x00000000cd30ebd8,0x00000000cf280000)
}
Event: 66,407 GC heap before
{Heap before GC invocations=16 (full 2):
 PSYoungGen      total 184832K, used 184384K [0x00000000f1700000, 0x0000000100000000, 0x0000000100000000)
  eden space 184320K, 100% used [0x00000000f1700000,0x00000000fcb00000,0x00000000fcb00000)
  from space 512K, 12% used [0x00000000fcb00000,0x00000000fcb10000,0x00000000fcb80000)
  to   space 27648K, 0% used [0x00000000fe500000,0x00000000fe500000,0x0000000100000000)
 ParOldGen       total 114688K, used 67094K [0x00000000d4600000, 0x00000000db600000, 0x00000000f1700000)
  object space 114688K, 58% used [0x00000000d4600000,0x00000000d8785bd0,0x00000000db600000)
 PSPermGen       total 84480K, used 52282K [0x00000000ca000000, 0x00000000cf280000, 0x00000000d4600000)
  object space 84480K, 61% used [0x00000000ca000000,0x00000000cd30ebd8,0x00000000cf280000)
Event: 66,410 GC heap after
Heap after GC invocations=16 (full 2):
 PSYoungGen      total 210944K, used 64K [0x00000000f1700000, 0x0000000100000000, 0x0000000100000000)
  eden space 183296K, 0% used [0x00000000f1700000,0x00000000f1700000,0x00000000fca00000)
  from space 27648K, 0% used [0x00000000fe500000,0x00000000fe510000,0x0000000100000000)
  to   space 27648K, 0% used [0x00000000fca00000,0x00000000fca00000,0x00000000fe500000)
 ParOldGen       total 114688K, used 67094K [0x00000000d4600000, 0x00000000db600000, 0x00000000f1700000)
  object space 114688K, 58% used [0x00000000d4600000,0x00000000d8785bd0,0x00000000db600000)
 PSPermGen       total 84480K, used 52282K [0x00000000ca000000, 0x00000000cf280000, 0x00000000d4600000)
  object space 84480K, 61% used [0x00000000ca000000,0x00000000cd30ebd8,0x00000000cf280000)
}
Event: 67,567 GC heap before
{Heap before GC invocations=17 (full 2):
 PSYoungGen      total 210944K, used 183360K [0x00000000f1700000, 0x0000000100000000, 0x0000000100000000)
  eden space 183296K, 100% used [0x00000000f1700000,0x00000000fca00000,0x00000000fca00000)
  from space 27648K, 0% used [0x00000000fe500000,0x00000000fe510000,0x0000000100000000)
  to   space 27648K, 0% used [0x00000000fca00000,0x00000000fca00000,0x00000000fe500000)
 ParOldGen       total 114688K, used 67094K [0x00000000d4600000, 0x00000000db600000, 0x00000000f1700000)
  object space 114688K, 58% used [0x00000000d4600000,0x00000000d8785bd0,0x00000000db600000)
 PSPermGen       total 84480K, used 52282K [0x00000000ca000000, 0x00000000cf280000, 0x00000000d4600000)
  object space 84480K, 61% used [0x00000000ca000000,0x00000000cd30ebd8,0x00000000cf280000)
Event: 67,572 GC heap after
Heap after GC invocations=17 (full 2):
 PSYoungGen      total 183808K, used 64K [0x00000000f1700000, 0x00000000fff00000, 0x0000000100000000)
  eden space 183296K, 0% used [0x00000000f1700000,0x00000000f1700000,0x00000000fca00000)
  from space 512K, 12% used [0x00000000fca00000,0x00000000fca10000,0x00000000fca80000)
  to   space 27136K, 0% used [0x00000000fe480000,0x00000000fe480000,0x00000000fff00000)
 ParOldGen       total 114688K, used 67094K [0x00000000d4600000, 0x00000000db600000, 0x00000000f1700000)
  object space 114688K, 58% used [0x00000000d4600000,0x00000000d8785bd0,0x00000000db600000)
 PSPermGen       total 84480K, used 52282K [0x00000000ca000000, 0x00000000cf280000, 0x00000000d4600000)
  object space 84480K, 61% used [0x00000000ca000000,0x00000000cd30ebd8,0x00000000cf280000)
}
Event: 68,734 GC heap before
{Heap before GC invocations=18 (full 2):
 PSYoungGen      total 183808K, used 183360K [0x00000000f1700000, 0x00000000fff00000, 0x0000000100000000)
  eden space 183296K, 100% used [0x00000000f1700000,0x00000000fca00000,0x00000000fca00000)
  from space 512K, 12% used [0x00000000fca00000,0x00000000fca10000,0x00000000fca80000)
  to   space 27136K, 0% used [0x00000000fe480000,0x00000000fe480000,0x00000000fff00000)
 ParOldGen       total 114688K, used 67094K [0x00000000d4600000, 0x00000000db600000, 0x00000000f1700000)
  object space 114688K, 58% used [0x00000000d4600000,0x00000000d8785bd0,0x00000000db600000)
 PSPermGen       total 84480K, used 52282K [0x00000000ca000000, 0x00000000cf280000, 0x00000000d4600000)
  object space 84480K, 61% used [0x00000000ca000000,0x00000000cd30ebd8,0x00000000cf280000)
Event: 68,737 GC heap after
Heap after GC invocations=18 (full 2):
 PSYoungGen      total 210944K, used 64K [0x00000000f1700000, 0x0000000100000000, 0x0000000100000000)
  eden space 183808K, 0% used [0x00000000f1700000,0x00000000f1700000,0x00000000fca80000)
  from space 27136K, 0% used [0x00000000fe480000,0x00000000fe490000,0x00000000fff00000)
  to   space 26624K, 0% used [0x00000000fca80000,0x00000000fca80000,0x00000000fe480000)
 ParOldGen       total 114688K, used 67094K [0x00000000d4600000, 0x00000000db600000, 0x00000000f1700000)
  object space 114688K, 58% used [0x00000000d4600000,0x00000000d8785bd0,0x00000000db600000)
 PSPermGen       total 84480K, used 52282K [0x00000000ca000000, 0x00000000cf280000, 0x00000000d4600000)
  object space 84480K, 61% used [0x00000000ca000000,0x00000000cd30ebd8,0x00000000cf280000)
}

